jkvhjh
Failed Job: PigLatin:21H21M40S789513327.5X.query.20.catalog_sales.customer_demographics.5.1.pig
jkvhjh
Failed Job: PigLatin:21H21M40S871651354.5X.query.20.catalog_sales.customer_demographics.5.1.pig
jkvhjh
Failed Job: PigLatin:21H21M40S970595647.5X.query.20.catalog_sales.customer_demographics.5.1.pig
jkvhjh
Failed Job: PigLatin:21H21M41S052817842.5X.query.20.catalog_sales.customer_demographics.5.1.pig
jkvhjh
Failed Job: PigLatin:21H21M41S163173292.5X.query.20.catalog_sales.customer_demographics.5.1.pig
jkvhjh
Failed Job: PigLatin:21H21M41S245201571.3X.query.22.catalog_returns.customer_demographics.5.1.pig
jkvhjh
Failed Job: PigLatin:21H21M41S323475760.3X.query.33.customer_demographics.customer_demographics.1.1.pig
jkvhjh
Failed Job: PigLatin:21H21M41S424025837.3X.query.22.catalog_returns.customer_demographics.5.1.pig
jkvhjh
Failed Job: PigLatin:21H21M41S492343413.3X.query.33.customer_demographics.customer_demographics.1.1.pig
jkvhjh
Failed Job: PigLatin:21H21M41S628345420.3X.query.22.catalog_returns.customer_demographics.5.1.pig
jkvhjh
Failed Job: PigLatin:21H21M41S711674541.3X.query.33.customer_demographics.customer_demographics.1.1.pig
jkvhjh
Failed Job: PigLatin:21H21M41S838445193.1X.query.66.web_returns.customer_demographics.5.1.pig
jkvhjh
Failed Job: PigLatin:21H21M41S997777756.1X.query.7.store_sales.customer_demographics.5.1.pig
2.0	3.2861658E7	294714.0	18.015	
2.0	3.7817785E7	373914.0	15.018999999999998	
6.0	3.01936841E8	1491548.0	63.102	
4.0	1.52641985E8	769384.0	39.035000000000004	
3.0	1.13501174E8	2208314.0	39.037	
2.0	3.7817785E7	373914.0	18.035	
2.0	3.4587743E7	244067.0	15.021	
1.0	5107780.0	86400.0	6.006	
2.0	2.1378956E7	144072.0	15.035	
6.0	3.01486575E8	1459548.0	63.425999999999995	
2.0	3.7817785E7	373914.0	15.017	
2.0	3.7817785E7	373914.0	15.015999999999998	
2.0	3.821217E7	337514.0	18.025	
2.0	6.542001E7	575028.0	111.155	
2.0	4.3027443E7	360563.0	15.017	
3.0	1.13501174E8	2208314.0	36.033	
2.0	2.3010163E7	155785.0	15.024	
6.0	3.06752114E8	1514597.0	193.55	
6.0	2.96586329E8	1448748.0	60.07499999999999	
2.0	74466.0	600.0	12.013	
4.0	1.60349192E8	819384.0	39.186	
2.0	4.3027443E7	360563.0	18.017	
2.0	3.271316E7	287526.0	15.026	
2.0	3.2711344E7	287549.0	18.021	
2.0	2.1379484E7	144087.0	15.017	
2.0	74466.0	600.0	12.017	
2.0	3.821217E7	337514.0	21.085	
2.0	2.6880536E7	194067.0	15.016	
2.0	4.5919377E7	387514.0	18.024	
2.0	2.1379484E7	144087.0	15.016	
2.0	6152165.0	100000.0	15.015	
5.0	2.41865257E8	1.1763E7	138.184	
2.0	4.5919377E7	387514.0	18.032	
2.0	3.2711344E7	287549.0	15.033	
2.0	3.271316E7	287526.0	15.016	
2.0	8.0791169E7	1920800.0	24.032	
6.0	3.17813047E8	1585615.0	72.095	
2.0	303306.0	14400.0	12.012	
2.0	2.1530024E7	151267.0	15.028	
2.0	2.6880536E7	194067.0	15.023	
2.0	14547.0	90.0	12.015	
6.0	2.96435261E8	1441553.0	63.435	
2.0	160424.0	7230.0	12.013	
2.0	2.137971E7	144102.0	15.017	
6.0	2.96586329E8	1448748.0	66.11200000000001	
2.0	3.2861658E7	294714.0	15.014	
2.0	3.2861658E7	294714.0	15.014	
6.0	2.96471909E8	1441848.0	63.074	
2.0	3.1695809E7	217116.0	15.014	
2.0	5502750.0	50005.0	15.014	
2.0	4.5919377E7	387514.0	21.052	
2.0	17542.0	60.0	12.013	
2.0	4.3027443E7	360563.0	18.017	
2.0	8.0791169E7	1920800.0	24.023	
2.0	17542.0	60.0	12.015	
6.0	3.01486575E8	1459548.0	75.088	
2.0	2.137971E7	144102.0	15.015	
2.0	8.0791169E7	1920800.0	24.024	
6.0	3.09644048E8	1541548.0	69.605	
6.0	2.96586329E8	1448748.0	63.099999999999994	
6.0	3.06752114E8	1514597.0	228.93500000000003	
2.0	3.2861658E7	294714.0	15.019	
6.0	3.01542456E8	1527948.0	69.098	
2.0	3.1695809E7	217116.0	15.088999999999999	
2.0	3.7761904E7	305514.0	18.021	
7.0	3.89138007E8	2880704.0	93.435	
2.0	1.0103798E7	36000.0	15.015999999999998	
2.0	3.7817785E7	373914.0	15.016	
2.0	3.2861658E7	294714.0	18.02	
2.0	4.3027443E7	360563.0	18.024	
2.0	2.1530024E7	151267.0	15.02	
7.0	4.21810779E8	3167918.0	114.17199999999998	
2.0	3.271316E7	287526.0	15.017	
6.0	3.01486575E8	1459548.0	66.42999999999999	
2.0	2.1530024E7	151267.0	15.014	
2.0	3.2711344E7	287549.0	15.016	
2.0	3.7817785E7	373914.0	18.034	
6.0	3.01936841E8	1491548.0	63.088	
6.0	2.96435789E8	1441568.0	60.084	
6.0	3.01936841E8	1491548.0	72.316	
2.0	2.643027E7	162067.0	15.013	
2.0	1.0326209E7	73079.0	12.014	
2.0	4.5919377E7	387514.0	18.033	
2.0	8.0791169E7	1920800.0	24.025	
7.0	4.02310146E8	2980404.0	93.21199999999999	
2.0	2.6418744E7	200000.0	15.012999999999998	
6.0	3.01542456E8	1527948.0	66.084	
3.0	1.13501174E8	2208314.0	36.116	
2.0	3.2711344E7	287549.0	18.019	
7.0	3.94602939E8	2930404.0	93.16000000000001	
2.0	3.2711344E7	287549.0	15.017	
6.0	3.01542456E8	1527948.0	69.09299999999999	
2.0	5510936.0	50030.0	12.011	
6.0	2.96436567E8	1441554.0	60.12	
2.0	3.271316E7	287526.0	18.019	
2.0	5089132.0	18300.0	12.013	
2.0	6152165.0	100000.0	15.017	
5.0	2.47130796E8	1.1818049E7	138.301	
2.0	3263584.0	23436.0	15.02	
7.0	3.89103929E8	2880416.0	93.11000000000001	
2.0	5502750.0	50005.0	15.020999999999999	
2.0	3.821217E7	337514.0	21.122	
6.0	3.06752114E8	1514597.0	183.82	
2.0	3.2711344E7	287549.0	18.017	
2.0	3.2861658E7	294714.0	15.018999999999998	
2.0	8.0791169E7	1920800.0	24.026	
2.0	5060670.0	18030.0	12.018999999999998	
2.0	2.1379484E7	144087.0	15.018	
4.0	1.522476E8	805784.0	39.041000000000004	
2.0	4.3027443E7	360563.0	15.014999999999999	
2.0	8.0791169E7	1920800.0	24.022	
2.0	3.2861658E7	294714.0	18.021	
6.0	2.96435261E8	1441553.0	60.102	
2.0	8.0791169E7	1920800.0	24.026	
2.0	3.7817785E7	373914.0	18.018	
2.0	3.271316E7	287526.0	18.031999999999996	
2.0	4.3027443E7	360563.0	18.023	
2.0	11552.0	120.0	12.013	
3.0	3.4587743E7	244067.0	24.089	
3.0	1.13501174E8	2208314.0	36.039	
2.0	2.1378956E7	144072.0	15.014999999999999	
2.0	8.0791169E7	1920800.0	21.055	
2.0	3.2861658E7	294714.0	18.018	
2.0	2.6486151E7	230467.0	15.016	
7.0	3.94152673E8	2898404.0	93.16	
2.0	1.3218143E7	100030.0	12.011	
2.0	4.3027443E7	360563.0	18.039	
2.0	11552.0	120.0	12.013	
2.0	3.7761904E7	305514.0	18.03	
2.0	8.0791169E7	1920800.0	21.032	
2.0	8.0791169E7	1920800.0	24.026	
2.0	3.271316E7	287526.0	18.019	
6.0	3.09644048E8	1541548.0	69.415	
6.0	2.96435789E8	1441568.0	63.080999999999996	
2.0	8.0791169E7	1920800.0	24.035	
2.0	2.1380262E7	144073.0	15.015	
2.0	5502750.0	50005.0	12.014	
2.0	6.542001E7	575028.0	102.082	
2.0	5502750.0	50005.0	12.013	
6.0	2.96435789E8	1441568.0	60.132	
6.0	3.01936841E8	1491548.0	63.108	
2.0	3.7761904E7	305514.0	18.019	
7.0	3.94208554E8	2966804.0	117.20500000000001	
2.0	3.2711344E7	287549.0	18.067	
7.0	3.89252427E8	2887604.0	99.184	
2.0	2.3010163E7	155785.0	15.014	
2.0	2.1380262E7	144073.0	15.03	
2.0	3.821217E7	337514.0	21.049	
2.0	5502750.0	50005.0	12.013	
4.0	1.47140933E8	719404.0	36.059	
4.0	1.47148591E8	719414.0	36.032	
2.0	303306.0	14400.0	12.012	
2.0	3.1695809E7	217116.0	15.030999999999999	
2.0	2.137971E7	144102.0	15.016	
2.0	4.2756742E7	288134.0	15.017	
2.0	3.271316E7	287526.0	15.018	
2.0	3.7817785E7	373914.0	15.016	
2.0	3.7817785E7	373914.0	18.03	
2.0	3.7761904E7	305514.0	15.018	
6.0	2.96471909E8	1441848.0	72.085	
4.0	1.57457258E8	792433.0	39.06	
2.0	74466.0	600.0	12.021999999999998	
4.0	1.47177053E8	719684.0	36.041	
2.0	3.7817785E7	373914.0	18.017	
2.0	4.2756742E7	288134.0	15.029	
2.0	17542.0	60.0	12.015	
6.0	3.01936841E8	1491548.0	66.151	
2.0	2.6880536E7	194067.0	15.032	
2.0	2.1378956E7	144072.0	15.023	
4.0	1.47148591E8	719414.0	33.119	
2.0	3.7761904E7	305514.0	18.03	
2.0	3263584.0	23436.0	12.013	
5.0	2.36813943E8	1.1745005E7	126.165	
2.0	8.0791169E7	1920800.0	24.023	
4.0	1.47145596E8	719444.0	36.037	
6.0	2.96435261E8	1441553.0	60.068	
2.0	5502750.0	50005.0	12.015	
2.0	2.6486151E7	230467.0	15.025	
2.0	4.3027443E7	360563.0	18.017	
2.0	3.821217E7	337514.0	18.076999999999998	
2.0	2.6418744E7	200000.0	15.02	
2.0	2.0634876E7	146098.0	15.019	
2.0	6310.0	24.0	12.028	
6.0	2.96436567E8	1441554.0	60.07299999999999	
4.0	1.47148591E8	719414.0	36.113	
2.0	2.6486151E7	230467.0	15.016	
6.0	3.09644048E8	1541548.0	72.09899999999999	
4.0	1.47291473E8	726584.0	39.041	
2.0	2678.0	70.0	12.013	
2.0	2.643027E7	162067.0	15.016	
2.0	3.2711344E7	287549.0	15.017	
6.0	2.96436567E8	1441554.0	60.074999999999996	
2.0	2.643027E7	162067.0	15.014	
2.0	11552.0	120.0	12.027000000000001	
2.0	17542.0	60.0	12.014	
2.0	2.0634876E7	146098.0	15.014999999999999	
2.0	8.0791169E7	1920800.0	24.039	
4.0	1.47148591E8	719414.0	33.044	
2.0	303306.0	14400.0	12.013	
6.0	2.98066468E8	1453266.0	63.126999999999995	
2.0	3.2861658E7	294714.0	15.018	
2.0	5116551.0	86430.0	12.012	
2.0	3.7761904E7	305514.0	15.061	
2.0	6.542001E7	575028.0	102.154	
8.0	4.21810779E8	3167918.0	373.487	
2.0	4.5919377E7	387514.0	21.03	
6.0	2.96471909E8	1441848.0	63.068999999999996	
2.0	3.7761904E7	305514.0	15.021999999999998	
2.0	3.7761904E7	305514.0	15.013	
2.0	3.4587743E7	244067.0	15.018	
2.0	17542.0	60.0	12.015	
2.0	3.2711344E7	287549.0	15.028	
2.0	2.6418744E7	200000.0	15.021999999999998	
2.0	2.1380262E7	144073.0	15.014999999999999	
2.0	1.0103798E7	36000.0	15.014	
4.0	1.52191719E8	737384.0	39.034	
2.0	2.0634876E7	146098.0	15.027	
2.0	4.2756742E7	288134.0	15.016	
2.0	3.271316E7	287526.0	18.019	
3.0	1.13501174E8	2208314.0	39.035	
2.0	3.271316E7	287526.0	18.017	
2.0	3.271316E7	287526.0	15.021	
2.0	1.0103798E7	36000.0	15.023	
2.0	3.2711344E7	287549.0	18.015	
2.0	4.3027443E7	360563.0	15.030999999999999	
7.0	3.99418212E8	2953453.0	111.37300000000002	
4.0	1.47140405E8	719389.0	33.03	
2.0	2.3010163E7	155785.0	15.025	
2.0	10110.0	65.0	12.015	
2.0	3.7761904E7	305514.0	18.033	
6.0	3.17813047E8	1585615.0	117.621	
2.0	4.3027443E7	360563.0	15.016	
2.0	17542.0	60.0	12.013	
2.0	3263584.0	23436.0	12.022	
2.0	3.7761904E7	305514.0	15.014	
2.0	3.2861658E7	294714.0	18.017	
2.0	6152165.0	100000.0	15.014	
sumErr / n -1.376863929948633E-14
sumAbsErr / n 8.736899992670683
sumAbsPercentErr / n 0.1630592317319494
sumErrSquared / n 604.8569058649671
sumAbsErr 2070.6452982629517
11/05/27 23:02:09 INFO jvm.JvmMetrics: Initializing JVM Metrics with processName=JobTracker, sessionId=
11/05/27 23:02:09 INFO input.FileInputFormat: Total input paths to process : 1
11/05/27 23:02:09 INFO jvm.JvmMetrics: Cannot initialize JVM Metrics with processName=JobTracker, sessionId= - already initialized
11/05/27 23:02:09 INFO input.FileInputFormat: Total input paths to process : 1
11/05/27 23:02:09 INFO jvm.JvmMetrics: Cannot initialize JVM Metrics with processName=JobTracker, sessionId= - already initialized
11/05/27 23:02:09 INFO input.FileInputFormat: Total input paths to process : 1
11/05/27 23:02:09 INFO jvm.JvmMetrics: Cannot initialize JVM Metrics with processName=JobTracker, sessionId= - already initialized
11/05/27 23:02:09 INFO input.FileInputFormat: Total input paths to process : 1
11/05/27 23:02:09 INFO jvm.JvmMetrics: Cannot initialize JVM Metrics with processName=JobTracker, sessionId= - already initialized
11/05/27 23:02:09 INFO input.FileInputFormat: Total input paths to process : 1
11/05/27 23:02:09 INFO jvm.JvmMetrics: Cannot initialize JVM Metrics with processName=JobTracker, sessionId= - already initialized
11/05/27 23:02:09 INFO input.FileInputFormat: Total input paths to process : 1
11/05/27 23:02:09 INFO jvm.JvmMetrics: Cannot initialize JVM Metrics with processName=JobTracker, sessionId= - already initialized
11/05/27 23:02:09 INFO input.FileInputFormat: Total input paths to process : 1
11/05/27 23:02:09 INFO jvm.JvmMetrics: Cannot initialize JVM Metrics with processName=JobTracker, sessionId= - already initialized
11/05/27 23:02:09 INFO input.FileInputFormat: Total input paths to process : 1
11/05/27 23:02:09 INFO jvm.JvmMetrics: Cannot initialize JVM Metrics with processName=JobTracker, sessionId= - already initialized
11/05/27 23:02:09 INFO input.FileInputFormat: Total input paths to process : 1
11/05/27 23:02:09 INFO jvm.JvmMetrics: Cannot initialize JVM Metrics with processName=JobTracker, sessionId= - already initialized
11/05/27 23:02:09 INFO input.FileInputFormat: Total input paths to process : 1
11/05/27 23:02:09 INFO jvm.JvmMetrics: Cannot initialize JVM Metrics with processName=JobTracker, sessionId= - already initialized
11/05/27 23:02:09 INFO input.FileInputFormat: Total input paths to process : 1
11/05/27 23:02:09 INFO jvm.JvmMetrics: Cannot initialize JVM Metrics with processName=JobTracker, sessionId= - already initialized
11/05/27 23:02:09 INFO input.FileInputFormat: Total input paths to process : 1
11/05/27 23:02:10 INFO jvm.JvmMetrics: Cannot initialize JVM Metrics with processName=JobTracker, sessionId= - already initialized
11/05/27 23:02:10 INFO input.FileInputFormat: Total input paths to process : 1
11/05/27 23:02:10 INFO jvm.JvmMetrics: Cannot initialize JVM Metrics with processName=JobTracker, sessionId= - already initialized
11/05/27 23:02:10 INFO input.FileInputFormat: Total input paths to process : 1
11/05/27 23:02:10 INFO jvm.JvmMetrics: Cannot initialize JVM Metrics with processName=JobTracker, sessionId= - already initialized
11/05/27 23:02:10 INFO input.FileInputFormat: Total input paths to process : 1
11/05/27 23:02:10 INFO jvm.JvmMetrics: Cannot initialize JVM Metrics with processName=JobTracker, sessionId= - already initialized
11/05/27 23:02:10 INFO input.FileInputFormat: Total input paths to process : 1
11/05/27 23:02:10 INFO jvm.JvmMetrics: Cannot initialize JVM Metrics with processName=JobTracker, sessionId= - already initialized
11/05/27 23:02:10 INFO input.FileInputFormat: Total input paths to process : 1
11/05/27 23:02:10 INFO jvm.JvmMetrics: Cannot initialize JVM Metrics with processName=JobTracker, sessionId= - already initialized
11/05/27 23:02:10 INFO input.FileInputFormat: Total input paths to process : 1
11/05/27 23:02:10 INFO jvm.JvmMetrics: Cannot initialize JVM Metrics with processName=JobTracker, sessionId= - already initialized
11/05/27 23:02:10 INFO input.FileInputFormat: Total input paths to process : 1
11/05/27 23:02:10 INFO jvm.JvmMetrics: Cannot initialize JVM Metrics with processName=JobTracker, sessionId= - already initialized
11/05/27 23:02:10 INFO input.FileInputFormat: Total input paths to process : 1
11/05/27 23:02:10 INFO jvm.JvmMetrics: Cannot initialize JVM Metrics with processName=JobTracker, sessionId= - already initialized
11/05/27 23:02:10 INFO input.FileInputFormat: Total input paths to process : 1
11/05/27 23:02:10 INFO jvm.JvmMetrics: Cannot initialize JVM Metrics with processName=JobTracker, sessionId= - already initialized
11/05/27 23:02:10 INFO input.FileInputFormat: Total input paths to process : 1
Multiple variable linear regression model with the following equation:
  y=-3.2399713680457958+6.914003300709698*TOTAL_LAUNCHED_MAPS+1.1893703951718545E-7*HDFS_BYTES_READ+6.3334281543177784E-6*MAP_INPUT_RECORDS
query.11.item.store_returns.1.3.pig	10.092728857162516
query.20.catalog_sales.household_demographics.6.1.pig	96.5769750164407
query.21.catalog_sales.customer.4.1.pig	105.49150045724473
query.22.catalog_returns.household_demographics.6.1.pig	7.203846090134481
query.31.customer_address.customer_address.1.1.pig	5.619452562237148
query.33.time_dim.time_dim.2.2.pig	6.223189703637431
query.66.web_returns.customer.4.1.pig	7.520227144420211
query.6.catalog_sales.catalog_page.13.1.pig	96.85919829018177
query.6.web_sales.date_dim.1.1.pig	48.1824623230214
query.75.web_sales.web_site.14.1.pig	46.468921357347675
query.96.store_sales.store.8.1.pig	137.65286651715792
forecastJoinSelectivity -> 9.993

