query.33.reason.reason.2.2.pig
query.33.store.store.2.2.pig
query.33.time_dim.time_dim.2.2.pig
query.52.store_sales.item.3.1.pig
query.5.customer_address.warehouse.10.12.pig
query.5.customer_address.warehouse.11.13.pig
query.5.customer_address.warehouse.12.14.pig
query.5.customer_address.warehouse.7.9.pig
query.5.customer_address.warehouse.8.10.pig
query.5.customer_address.warehouse.9.11.pig
query.5.inventory.date_dim.1.1.pig
query.5.inventory.item.2.1.pig
query.5.inventory.warehouse.3.1.pig
query.66.web_returns.customer.4.1.pig
query.66.web_returns.customer_address.7.1.pig
query.66.web_returns.customer_demographics.5.1.pig
query.66.web_returns.date_dim.1.1.pig
query.66.web_returns.household_demographics.6.1.pig
query.66.web_returns.item.3.1.pig
query.66.web_returns.reason.13.1.pig
query.66.web_returns.time_dim.2.1.pig
query.66.web_returns.web_page.12.1.pig
query.6.catalog_sales.catalog_page.13.1.pig
query.6.catalog_sales.catalog_returns.16.3.pig
query.6.catalog_sales.catalog_returns.18.17.pig
query.6.promotion.item.5.1.pig
query.6.store_sales.store_returns.10.10.pig
query.6.store_sales.store_returns.3.3.pig
query.6.web_sales.date_dim.1.1.pig
query.6.web_sales.promotion.17.1.pig
query.6.web_sales.web_returns.18.14.pig
query.6.web_sales.web_returns.4.3.pig
query.6.web_sales.web_site.14.1.pig
query.75.web_sales.custom_demographics.6.1.pig
query.75.web_sales.customer.5.1.pig
query.75.web_sales.customer_address.8.1.pig
query.75.web_sales.household_demographics.7.1.pig
query.75.web_sales.item.4.1.pig
query.75.web_sales.ship_mode.15.1.pig
query.75.web_sales.time_dim.2.1.pig
query.75.web_sales.warehouse.16.1.pig
query.75.web_sales.web_page.13.1.pig
query.75.web_sales.web_site.14.1.pig
query.7.store_sales.customer.4.1.pig
query.7.store_sales.customer_address.7.1.pig
query.7.store_sales.customer_demographics.5.1.pig
query.7.store_sales.date_dim.1.1.pig
query.7.store_sales.promotion.9.1.pig
query.96.store_sales.household_demographics.6.1.pig
query.96.store_sales.store.8.1.pig
query.96.store_sales.time_dim.2.1.pig
