2.0	26313.0	31.0	21.04	
4.0	2.29215492E8	1920802.0	57.054	
10.0	8.63139827E8	1441553.0	9835.619	
6.0	3.07407478E8	73054.0	51.076	
12.0	3.90673649E8	2880410.0	105.194	
6.0	3.07407478E8	73054.0	63.269000000000005	
2.0	17328.0	61.0	21.033	
2.0	3339.0	21.0	21.034	
2.0	2.6549816E7	100001.0	24.025	
2.0	1.1135402E7	50001.0	24.023	
12.0	3.90673649E8	2880410.0	111.362	
4.0	2.29215492E8	1920802.0	63.107	
12.0	3.90673649E8	2880410.0	111.165	
2.0	17328.0	61.0	21.03	
2.0	2.0765948E7	73050.0	24.034	
2.0	111699.0	301.0	15.016	
2.0	1.0346632E7	86401.0	24.034	
2.0	1.1135402E7	50001.0	24.079	
2.0	1.023487E7	18001.0	21.021	
2.0	2.6549816E7	100001.0	24.077	
2.0	2.0765948E7	73050.0	24.055	
2.0	2.0765948E7	73050.0	24.018	
2.0	3339.0	21.0	15.02	
2.0	4017.0	36.0	15.019	
2.0	17328.0	61.0	21.031	
6.0	3.07407478E8	73054.0	51.126999999999995	
2.0	2.6549816E7	100001.0	24.031	
10.0	8.63139827E8	1441553.0	9802.564	
2.0	9465.0	13.0	21.019	
2.0	1.1135402E7	50001.0	24.042	
2.0	3339.0	21.0	21.024	
4.0	2.29215492E8	1920802.0	66.07499999999999	
5.0	2.5791595E8	1.1745001E7	138.236	
2.0	434378.0	7201.0	21.02	
13.0	8.63139827E8	1441553.0	11355.318000000001	
sumErr / n 3.767906621630703E-13
sumAbsErr / n 756.8788773792285
sumAbsPercentErr / n 18.868352394024335
sumErrSquared / n 1273914.8162659123
sumAbsErr 26490.760708272996
11/05/30 20:52:21 INFO jvm.JvmMetrics: Initializing JVM Metrics with processName=JobTracker, sessionId=
11/05/30 20:52:21 INFO input.FileInputFormat: Total input paths to process : 1
11/05/30 20:52:21 INFO jvm.JvmMetrics: Cannot initialize JVM Metrics with processName=JobTracker, sessionId= - already initialized
11/05/30 20:52:21 INFO input.FileInputFormat: Total input paths to process : 1
11/05/30 20:52:21 INFO jvm.JvmMetrics: Cannot initialize JVM Metrics with processName=JobTracker, sessionId= - already initialized
11/05/30 20:52:21 INFO input.FileInputFormat: Total input paths to process : 1
11/05/30 20:52:21 INFO jvm.JvmMetrics: Cannot initialize JVM Metrics with processName=JobTracker, sessionId= - already initialized
11/05/30 20:52:21 INFO input.FileInputFormat: Total input paths to process : 1
11/05/30 20:52:21 INFO jvm.JvmMetrics: Cannot initialize JVM Metrics with processName=JobTracker, sessionId= - already initialized
11/05/30 20:52:21 INFO input.FileInputFormat: Total input paths to process : 1
11/05/30 20:52:21 INFO jvm.JvmMetrics: Cannot initialize JVM Metrics with processName=JobTracker, sessionId= - already initialized
11/05/30 20:52:21 INFO input.FileInputFormat: Total input paths to process : 1
11/05/30 20:52:21 INFO jvm.JvmMetrics: Cannot initialize JVM Metrics with processName=JobTracker, sessionId= - already initialized
11/05/30 20:52:21 INFO input.FileInputFormat: Total input paths to process : 1
11/05/30 20:52:21 INFO jvm.JvmMetrics: Cannot initialize JVM Metrics with processName=JobTracker, sessionId= - already initialized
11/05/30 20:52:21 INFO input.FileInputFormat: Total input paths to process : 1
11/05/30 20:52:21 INFO jvm.JvmMetrics: Cannot initialize JVM Metrics with processName=JobTracker, sessionId= - already initialized
11/05/30 20:52:21 INFO input.FileInputFormat: Total input paths to process : 1
11/05/30 20:52:22 INFO jvm.JvmMetrics: Cannot initialize JVM Metrics with processName=JobTracker, sessionId= - already initialized
11/05/30 20:52:22 INFO input.FileInputFormat: Total input paths to process : 1
Multiple variable linear regression model with the following equation:
  y=518.0063880625937-516.4327047613797*TOTAL_LAUNCHED_MAPS+1.675462426479958E-5*HDFS_BYTES_READ-2.230906099002266E-4*MAP_INPUT_RECORDS
query.31.customer_address.customer_address.1.1.pig	161.32503330360777
query.33.catalog_sales.catalog_sales.1.1.pig	1002.3830676571768
query.33.customer.customer.1.1.pig	400.0612963229369
query.33.item.item.1.1.pig	163.22173849932312
query.5.inventory.date_dim.1.1.pig	-1910.5060889826605
forecastJoinSelectivity -> 3.107

