query.11.customer_address.store_returns.1.7.pig
query.11.customer_demographics.store_returns.1.5.pig
query.11.customer.store_returns.1.4.pig
query.11.date_dim.store_returns.1.1.pig
query.11.household_demographics.store_returns.1.6.pig
query.11.item.store_returns.1.3.pig
query.11.reason.store_returns.1.9.pig
query.11.store.store_returns.1.8.pig
query.11.time_dim.store_returns.1.2.pig
query.20.catalog_sales.customer_address.7.1.pig
query.20.catalog_sales.customer_demographics.5.1.pig
query.20.catalog_sales.date_dim.1.1.pig
query.20.catalog_sales.household_demographics.6.1.pig
query.20.catalog_sales.item.16.1.pig
query.20.catalog_sales.promotion.17.1.pig
query.20.catalog_sales.ship_mode.14.1.pig
query.21.catalog_sales.call_center.12.1.pig
query.11.customer_address.store_returns.1.7.pig
query.11.customer_demographics.store_returns.1.5.pig
query.11.customer.store_returns.1.4.pig
query.11.date_dim.store_returns.1.1.pig
query.11.household_demographics.store_returns.1.6.pig
query.11.item.store_returns.1.3.pig
query.11.reason.store_returns.1.9.pig
query.11.store.store_returns.1.8.pig
query.11.time_dim.store_returns.1.2.pig
query.20.catalog_sales.customer_address.7.1.pig
query.20.catalog_sales.customer_demographics.5.1.pig
query.20.catalog_sales.date_dim.1.1.pig
query.20.catalog_sales.household_demographics.6.1.pig
query.20.catalog_sales.item.16.1.pig
query.20.catalog_sales.promotion.17.1.pig
query.20.catalog_sales.ship_mode.14.1.pig
query.21.catalog_sales.call_center.12.1.pig
query.11.customer_address.store_returns.1.7.pig
query.11.customer_demographics.store_returns.1.5.pig
query.11.customer.store_returns.1.4.pig
query.11.date_dim.store_returns.1.1.pig
query.11.household_demographics.store_returns.1.6.pig
query.11.item.store_returns.1.3.pig
query.11.reason.store_returns.1.9.pig
query.11.store.store_returns.1.8.pig
query.11.time_dim.store_returns.1.2.pig
query.20.catalog_sales.customer_address.7.1.pig
query.20.catalog_sales.customer_demographics.5.1.pig
query.20.catalog_sales.date_dim.1.1.pig
query.20.catalog_sales.household_demographics.6.1.pig
query.20.catalog_sales.item.16.1.pig
query.20.catalog_sales.promotion.17.1.pig
query.20.catalog_sales.ship_mode.14.1.pig
query.21.catalog_sales.call_center.12.1.pig
query.11.customer_address.store_returns.1.7.pig
query.11.customer_demographics.store_returns.1.5.pig
query.11.customer.store_returns.1.4.pig
query.11.date_dim.store_returns.1.1.pig
query.11.household_demographics.store_returns.1.6.pig
query.11.item.store_returns.1.3.pig
query.11.reason.store_returns.1.9.pig
query.11.store.store_returns.1.8.pig
query.11.time_dim.store_returns.1.2.pig
query.20.catalog_sales.customer_address.7.1.pig
query.20.catalog_sales.customer_demographics.5.1.pig
query.20.catalog_sales.date_dim.1.1.pig
query.20.catalog_sales.household_demographics.6.1.pig
query.20.catalog_sales.item.16.1.pig
query.20.catalog_sales.promotion.17.1.pig
query.20.catalog_sales.ship_mode.14.1.pig
query.21.catalog_sales.call_center.12.1.pig
query.11.customer_address.store_returns.1.7.pig
query.11.customer_demographics.store_returns.1.5.pig
query.11.customer.store_returns.1.4.pig
query.11.date_dim.store_returns.1.1.pig
query.11.household_demographics.store_returns.1.6.pig
query.11.item.store_returns.1.3.pig
query.11.reason.store_returns.1.9.pig
query.11.store.store_returns.1.8.pig
query.11.time_dim.store_returns.1.2.pig
query.20.catalog_sales.customer_address.7.1.pig
query.20.catalog_sales.customer_demographics.5.1.pig
query.20.catalog_sales.date_dim.1.1.pig
query.20.catalog_sales.household_demographics.6.1.pig
query.20.catalog_sales.item.16.1.pig
query.20.catalog_sales.promotion.17.1.pig
query.20.catalog_sales.ship_mode.14.1.pig
query.21.catalog_sales.call_center.12.1.pig
